{
  "/home/nikolai/RSSchool/react-2023-q4/src/components/Card/Card.tsx": {
    "path": "/home/nikolai/RSSchool/react-2023-q4/src/components/Card/Card.tsx",
    "statementMap": {
      "0": {
        "start": { "line": 2, "column": 0 },
        "end": { "line": 2, "column": 20 }
      },
      "1": {
        "start": { "line": 4, "column": 0 },
        "end": { "line": 4, "column": 70 }
      },
      "2": {
        "start": { "line": 10, "column": 29 },
        "end": { "line": 28, "column": 1 }
      },
      "3": {
        "start": { "line": 11, "column": 44 },
        "end": { "line": 11, "column": 65 }
      },
      "4": {
        "start": { "line": 12, "column": 23 },
        "end": { "line": 14, "column": 3 }
      },
      "5": {
        "start": { "line": 13, "column": 4 },
        "end": { "line": 13, "column": 30 }
      },
      "6": {
        "start": { "line": 15, "column": 21 },
        "end": { "line": 15, "column": 46 }
      },
      "7": {
        "start": { "line": 17, "column": 2 },
        "end": { "line": 27, "column": 4 }
      },
      "8": {
        "start": { "line": 30, "column": 0 },
        "end": { "line": 30, "column": 20 }
      }
    },
    "fnMap": {
      "0": {
        "name": "(anonymous_0)",
        "decl": {
          "start": { "line": 10, "column": 29 },
          "end": { "line": 10, "column": 30 }
        },
        "loc": {
          "start": { "line": 10, "column": 54 },
          "end": { "line": 28, "column": 1 }
        }
      },
      "1": {
        "name": "(anonymous_1)",
        "decl": {
          "start": { "line": 12, "column": 23 },
          "end": { "line": 12, "column": 26 }
        },
        "loc": {
          "start": { "line": 12, "column": 28 },
          "end": { "line": 14, "column": 3 }
        }
      }
    },
    "branchMap": {
      "0": {
        "loc": {
          "start": { "line": 19, "column": 25 },
          "end": { "line": 19, "column": 54 }
        },
        "type": "binary-expr",
        "locations": [
          {
            "start": { "line": 19, "column": 25 },
            "end": { "line": 19, "column": 35 }
          },
          {
            "start": { "line": 19, "column": 39 },
            "end": { "line": 19, "column": 54 }
          }
        ]
      }
    },
    "s": {
      "0": 2,
      "1": 2,
      "2": 2,
      "3": 3,
      "4": 3,
      "5": 0,
      "6": 3,
      "7": 3,
      "8": 2
    },
    "f": { "0": 3, "1": 0 },
    "b": { "0": [3, 0] }
  },
  "/home/nikolai/RSSchool/react-2023-q4/src/components/Content/Content.tsx": {
    "path": "/home/nikolai/RSSchool/react-2023-q4/src/components/Content/Content.tsx",
    "statementMap": {
      "0": {
        "start": { "line": 2, "column": 0 },
        "end": { "line": 2, "column": 23 }
      },
      "1": {
        "start": { "line": 3, "column": 0 },
        "end": { "line": 3, "column": 27 }
      },
      "2": {
        "start": { "line": 5, "column": 0 },
        "end": { "line": 5, "column": 31 }
      },
      "3": {
        "start": { "line": 6, "column": 0 },
        "end": { "line": 6, "column": 39 }
      },
      "4": {
        "start": { "line": 7, "column": 0 },
        "end": { "line": 7, "column": 43 }
      },
      "5": {
        "start": { "line": 16, "column": 35 },
        "end": { "line": 50, "column": 1 }
      },
      "6": {
        "start": { "line": 21, "column": 2 },
        "end": { "line": 29, "column": null }
      },
      "7": {
        "start": { "line": 22, "column": 4 },
        "end": { "line": 28, "column": 6 }
      },
      "8": {
        "start": { "line": 31, "column": 2 },
        "end": { "line": 33, "column": null }
      },
      "9": {
        "start": { "line": 32, "column": 4 },
        "end": { "line": 32, "column": 78 }
      },
      "10": {
        "start": { "line": 35, "column": 2 },
        "end": { "line": 49, "column": 4 }
      },
      "11": {
        "start": { "line": 42, "column": 14 },
        "end": { "line": 42, "column": 51 }
      },
      "12": {
        "start": { "line": 52, "column": 0 },
        "end": { "line": 52, "column": 23 }
      }
    },
    "fnMap": {
      "0": {
        "name": "(anonymous_1)",
        "decl": {
          "start": { "line": 16, "column": 35 },
          "end": { "line": 16, "column": 36 }
        },
        "loc": {
          "start": { "line": 20, "column": 39 },
          "end": { "line": 50, "column": 1 }
        }
      },
      "1": {
        "name": "(anonymous_2)",
        "decl": {
          "start": { "line": 41, "column": 23 },
          "end": { "line": 41, "column": 24 }
        },
        "loc": {
          "start": { "line": 42, "column": 14 },
          "end": { "line": 42, "column": 51 }
        }
      }
    },
    "branchMap": {
      "0": {
        "loc": {
          "start": { "line": 21, "column": 2 },
          "end": { "line": 29, "column": null }
        },
        "type": "if",
        "locations": [
          {
            "start": { "line": 21, "column": 2 },
            "end": { "line": 29, "column": null }
          }
        ]
      },
      "1": {
        "loc": {
          "start": { "line": 21, "column": 6 },
          "end": { "line": 21, "column": 21 }
        },
        "type": "binary-expr",
        "locations": [
          {
            "start": { "line": 21, "column": 6 },
            "end": { "line": 21, "column": 12 }
          },
          {
            "start": { "line": 21, "column": 16 },
            "end": { "line": 21, "column": 21 }
          }
        ]
      },
      "2": {
        "loc": {
          "start": { "line": 31, "column": 2 },
          "end": { "line": 33, "column": null }
        },
        "type": "if",
        "locations": [
          {
            "start": { "line": 31, "column": 2 },
            "end": { "line": 33, "column": null }
          }
        ]
      },
      "3": {
        "loc": {
          "start": { "line": 45, "column": 11 },
          "end": { "line": 45, "column": 43 }
        },
        "type": "binary-expr",
        "locations": [
          {
            "start": { "line": 45, "column": 11 },
            "end": { "line": 45, "column": 23 }
          },
          {
            "start": { "line": 45, "column": 27 },
            "end": { "line": 45, "column": 43 }
          }
        ]
      }
    },
    "s": {
      "0": 1,
      "1": 1,
      "2": 1,
      "3": 1,
      "4": 1,
      "5": 1,
      "6": 3,
      "7": 1,
      "8": 2,
      "9": 1,
      "10": 1,
      "11": 2,
      "12": 1
    },
    "f": { "0": 3, "1": 2 },
    "b": { "0": [1], "1": [3, 2], "2": [1], "3": [1, 0] }
  },
  "/home/nikolai/RSSchool/react-2023-q4/src/components/DetailedView/DetailedView.tsx": {
    "path": "/home/nikolai/RSSchool/react-2023-q4/src/components/DetailedView/DetailedView.tsx",
    "statementMap": {
      "0": {
        "start": { "line": 2, "column": 0 },
        "end": { "line": 2, "column": 28 }
      },
      "1": {
        "start": { "line": 3, "column": 0 },
        "end": { "line": 3, "column": 31 }
      },
      "2": {
        "start": { "line": 5, "column": 0 },
        "end": { "line": 5, "column": 70 }
      },
      "3": {
        "start": { "line": 6, "column": 0 },
        "end": { "line": 6, "column": 82 }
      },
      "4": {
        "start": { "line": 8, "column": 25 },
        "end": { "line": 85, "column": 1 }
      },
      "5": {
        "start": { "line": 9, "column": 30 },
        "end": { "line": 9, "column": 51 }
      },
      "6": {
        "start": { "line": 10, "column": 27 },
        "end": { "line": 10, "column": 54 }
      },
      "7": {
        "start": { "line": 12, "column": 22 },
        "end": { "line": 14, "column": 3 }
      },
      "8": {
        "start": { "line": 13, "column": 4 },
        "end": { "line": 13, "column": 31 }
      },
      "9": {
        "start": { "line": 16, "column": 2 },
        "end": { "line": 24, "column": null }
      },
      "10": {
        "start": { "line": 17, "column": 4 },
        "end": { "line": 23, "column": 6 }
      },
      "11": {
        "start": { "line": 25, "column": 2 },
        "end": { "line": 84, "column": 4 }
      },
      "12": {
        "start": { "line": 63, "column": 14 },
        "end": { "line": 78, "column": 16 }
      },
      "13": {
        "start": { "line": 87, "column": 0 },
        "end": { "line": 87, "column": 28 }
      }
    },
    "fnMap": {
      "0": {
        "name": "(anonymous_1)",
        "decl": {
          "start": { "line": 8, "column": 25 },
          "end": { "line": 8, "column": 28 }
        },
        "loc": {
          "start": { "line": 8, "column": 30 },
          "end": { "line": 85, "column": 1 }
        }
      },
      "1": {
        "name": "(anonymous_2)",
        "decl": {
          "start": { "line": 12, "column": 22 },
          "end": { "line": 12, "column": 25 }
        },
        "loc": {
          "start": { "line": 12, "column": 27 },
          "end": { "line": 14, "column": 3 }
        }
      },
      "2": {
        "name": "(anonymous_3)",
        "decl": {
          "start": { "line": 62, "column": 39 },
          "end": { "line": 62, "column": 40 }
        },
        "loc": {
          "start": { "line": 62, "column": 71 },
          "end": { "line": 79, "column": 13 }
        }
      }
    },
    "branchMap": {
      "0": {
        "loc": {
          "start": { "line": 16, "column": 2 },
          "end": { "line": 24, "column": null }
        },
        "type": "if",
        "locations": [
          {
            "start": { "line": 16, "column": 2 },
            "end": { "line": 24, "column": null }
          }
        ]
      },
      "1": {
        "loc": {
          "start": { "line": 37, "column": 9 },
          "end": { "line": 45, "column": null }
        },
        "type": "binary-expr",
        "locations": [
          {
            "start": { "line": 37, "column": 9 },
            "end": { "line": 37, "column": 30 }
          },
          {
            "start": { "line": 37, "column": 34 },
            "end": { "line": 37, "column": 53 }
          },
          {
            "start": { "line": 38, "column": 10 },
            "end": { "line": 44, "column": null }
          }
        ]
      },
      "2": {
        "loc": {
          "start": { "line": 48, "column": 9 },
          "end": { "line": 56, "column": null }
        },
        "type": "binary-expr",
        "locations": [
          {
            "start": { "line": 48, "column": 9 },
            "end": { "line": 48, "column": 34 }
          },
          {
            "start": { "line": 48, "column": 38 },
            "end": { "line": 48, "column": 64 }
          },
          {
            "start": { "line": 49, "column": 10 },
            "end": { "line": 55, "column": null }
          }
        ]
      },
      "3": {
        "loc": {
          "start": { "line": 60, "column": 11 },
          "end": { "line": 60, "column": 61 }
        },
        "type": "binary-expr",
        "locations": [
          {
            "start": { "line": 60, "column": 11 },
            "end": { "line": 60, "column": 42 }
          },
          {
            "start": { "line": 60, "column": 46 },
            "end": { "line": 60, "column": 61 }
          }
        ]
      },
      "4": {
        "loc": {
          "start": { "line": 69, "column": 21 },
          "end": { "line": 74, "column": null }
        },
        "type": "binary-expr",
        "locations": [
          {
            "start": { "line": 69, "column": 21 },
            "end": { "line": 69, "column": 39 }
          },
          {
            "start": { "line": 69, "column": 43 },
            "end": { "line": 69, "column": 62 }
          },
          {
            "start": { "line": 70, "column": 22 },
            "end": { "line": 73, "column": null }
          }
        ]
      }
    },
    "s": {
      "0": 1,
      "1": 1,
      "2": 1,
      "3": 1,
      "4": 1,
      "5": 0,
      "6": 0,
      "7": 0,
      "8": 0,
      "9": 0,
      "10": 0,
      "11": 0,
      "12": 0,
      "13": 1
    },
    "f": { "0": 0, "1": 0, "2": 0 },
    "b": {
      "0": [0],
      "1": [0, 0, 0],
      "2": [0, 0, 0],
      "3": [0, 0],
      "4": [0, 0, 0]
    }
  },
  "/home/nikolai/RSSchool/react-2023-q4/src/components/Loader/Loader.tsx": {
    "path": "/home/nikolai/RSSchool/react-2023-q4/src/components/Loader/Loader.tsx",
    "statementMap": {
      "0": {
        "start": { "line": 2, "column": 0 },
        "end": { "line": 2, "column": 22 }
      },
      "1": {
        "start": { "line": 4, "column": 19 },
        "end": { "line": 4, "column": 85 }
      },
      "2": {
        "start": { "line": 4, "column": 44 },
        "end": { "line": 4, "column": 85 }
      },
      "3": {
        "start": { "line": 6, "column": 0 },
        "end": { "line": 6, "column": 22 }
      }
    },
    "fnMap": {
      "0": {
        "name": "(anonymous_0)",
        "decl": {
          "start": { "line": 4, "column": 19 },
          "end": { "line": 4, "column": 41 }
        },
        "loc": {
          "start": { "line": 4, "column": 44 },
          "end": { "line": 4, "column": 85 }
        }
      }
    },
    "branchMap": {},
    "s": { "0": 1, "1": 1, "2": 1, "3": 1 },
    "f": { "0": 1 },
    "b": {}
  },
  "/home/nikolai/RSSchool/react-2023-q4/src/components/Pagination/Pagination.tsx": {
    "path": "/home/nikolai/RSSchool/react-2023-q4/src/components/Pagination/Pagination.tsx",
    "statementMap": {
      "0": {
        "start": { "line": 1, "column": 0 },
        "end": { "line": 1, "column": 53 }
      },
      "1": {
        "start": { "line": 2, "column": 0 },
        "end": { "line": 2, "column": 26 }
      },
      "2": {
        "start": { "line": 4, "column": 0 },
        "end": { "line": 4, "column": 70 }
      },
      "3": {
        "start": { "line": 10, "column": 29 },
        "end": { "line": 52, "column": 1 }
      },
      "4": {
        "start": { "line": 11, "column": 41 },
        "end": { "line": 11, "column": 62 }
      },
      "5": {
        "start": { "line": 12, "column": 21 },
        "end": { "line": 18, "column": 21 }
      },
      "6": {
        "start": { "line": 13, "column": 4 },
        "end": { "line": 17, "column": 7 }
      },
      "7": {
        "start": { "line": 14, "column": 6 },
        "end": { "line": 16, "column": null }
      },
      "8": {
        "start": { "line": 15, "column": 8 },
        "end": { "line": 15, "column": 29 }
      },
      "9": {
        "start": { "line": 19, "column": 21 },
        "end": { "line": 26, "column": 21 }
      },
      "10": {
        "start": { "line": 20, "column": 4 },
        "end": { "line": 25, "column": 7 }
      },
      "11": {
        "start": { "line": 21, "column": 6 },
        "end": { "line": 23, "column": null }
      },
      "12": {
        "start": { "line": 22, "column": 8 },
        "end": { "line": 22, "column": 17 }
      },
      "13": {
        "start": { "line": 24, "column": 6 },
        "end": { "line": 24, "column": 27 }
      },
      "14": {
        "start": { "line": 27, "column": 25 },
        "end": { "line": 30, "column": 3 }
      },
      "15": {
        "start": { "line": 28, "column": 4 },
        "end": { "line": 28, "column": 21 }
      },
      "16": {
        "start": { "line": 29, "column": 4 },
        "end": { "line": 29, "column": 40 }
      },
      "17": {
        "start": { "line": 32, "column": 2 },
        "end": { "line": 51, "column": null }
      },
      "18": {
        "start": { "line": 33, "column": 4 },
        "end": { "line": 50, "column": 6 }
      },
      "19": {
        "start": { "line": 54, "column": 0 },
        "end": { "line": 54, "column": 20 }
      }
    },
    "fnMap": {
      "0": {
        "name": "(anonymous_0)",
        "decl": {
          "start": { "line": 10, "column": 29 },
          "end": { "line": 10, "column": 30 }
        },
        "loc": {
          "start": { "line": 10, "column": 54 },
          "end": { "line": 52, "column": 1 }
        }
      },
      "1": {
        "name": "(anonymous_1)",
        "decl": {
          "start": { "line": 12, "column": 33 },
          "end": { "line": 12, "column": 36 }
        },
        "loc": {
          "start": { "line": 12, "column": 38 },
          "end": { "line": 18, "column": 3 }
        }
      },
      "2": {
        "name": "(anonymous_2)",
        "decl": {
          "start": { "line": 13, "column": 18 },
          "end": { "line": 13, "column": 19 }
        },
        "loc": {
          "start": { "line": 13, "column": 41 },
          "end": { "line": 17, "column": 5 }
        }
      },
      "3": {
        "name": "(anonymous_3)",
        "decl": {
          "start": { "line": 19, "column": 33 },
          "end": { "line": 19, "column": 36 }
        },
        "loc": {
          "start": { "line": 19, "column": 38 },
          "end": { "line": 26, "column": 3 }
        }
      },
      "4": {
        "name": "(anonymous_4)",
        "decl": {
          "start": { "line": 20, "column": 18 },
          "end": { "line": 20, "column": 19 }
        },
        "loc": {
          "start": { "line": 20, "column": 41 },
          "end": { "line": 25, "column": 5 }
        }
      },
      "5": {
        "name": "(anonymous_5)",
        "decl": {
          "start": { "line": 27, "column": 25 },
          "end": { "line": 27, "column": 26 }
        },
        "loc": {
          "start": { "line": 27, "column": 63 },
          "end": { "line": 30, "column": 3 }
        }
      }
    },
    "branchMap": {
      "0": {
        "loc": {
          "start": { "line": 14, "column": 6 },
          "end": { "line": 16, "column": null }
        },
        "type": "if",
        "locations": [
          {
            "start": { "line": 14, "column": 6 },
            "end": { "line": 16, "column": null }
          }
        ]
      },
      "1": {
        "loc": {
          "start": { "line": 14, "column": 10 },
          "end": { "line": 14, "column": 36 }
        },
        "type": "binary-expr",
        "locations": [
          {
            "start": { "line": 14, "column": 10 },
            "end": { "line": 14, "column": 19 }
          },
          {
            "start": { "line": 14, "column": 23 },
            "end": { "line": 14, "column": 36 }
          }
        ]
      },
      "2": {
        "loc": {
          "start": { "line": 21, "column": 6 },
          "end": { "line": 23, "column": null }
        },
        "type": "if",
        "locations": [
          {
            "start": { "line": 21, "column": 6 },
            "end": { "line": 23, "column": null }
          }
        ]
      },
      "3": {
        "loc": {
          "start": { "line": 32, "column": 2 },
          "end": { "line": 51, "column": null }
        },
        "type": "if",
        "locations": [
          {
            "start": { "line": 32, "column": 2 },
            "end": { "line": 51, "column": null }
          }
        ]
      }
    },
    "s": {
      "0": 1,
      "1": 1,
      "2": 1,
      "3": 1,
      "4": 1,
      "5": 1,
      "6": 0,
      "7": 0,
      "8": 0,
      "9": 1,
      "10": 0,
      "11": 0,
      "12": 0,
      "13": 0,
      "14": 1,
      "15": 0,
      "16": 0,
      "17": 1,
      "18": 1,
      "19": 1
    },
    "f": { "0": 1, "1": 0, "2": 0, "3": 0, "4": 0, "5": 0 },
    "b": { "0": [0], "1": [0, 0], "2": [0], "3": [1] }
  },
  "/home/nikolai/RSSchool/react-2023-q4/src/contexts/EpisodeResponseContext.tsx": {
    "path": "/home/nikolai/RSSchool/react-2023-q4/src/contexts/EpisodeResponseContext.tsx",
    "statementMap": {
      "0": {
        "start": { "line": 1, "column": 0 },
        "end": { "line": 1, "column": 80 }
      },
      "1": {
        "start": { "line": 2, "column": 0 },
        "end": { "line": 2, "column": 47 }
      },
      "2": {
        "start": { "line": 3, "column": 0 },
        "end": { "line": 3, "column": 67 }
      },
      "3": {
        "start": { "line": 7, "column": 13 },
        "end": { "line": 10, "column": 4 }
      },
      "4": {
        "start": { "line": 12, "column": 39 },
        "end": { "line": 34, "column": 1 }
      },
      "5": {
        "start": { "line": 15, "column": 27 },
        "end": { "line": 15, "column": 48 }
      },
      "6": {
        "start": { "line": 16, "column": 42 },
        "end": { "line": 17, "column": null }
      },
      "7": {
        "start": { "line": 20, "column": 20 },
        "end": { "line": 26, "column": 20 }
      },
      "8": {
        "start": { "line": 21, "column": 4 },
        "end": { "line": 21, "column": 26 }
      },
      "9": {
        "start": { "line": 22, "column": 4 },
        "end": { "line": 25, "column": null }
      },
      "10": {
        "start": { "line": 23, "column": 23 },
        "end": { "line": 23, "column": 62 }
      },
      "11": {
        "start": { "line": 24, "column": 6 },
        "end": { "line": 24, "column": 40 }
      },
      "12": {
        "start": { "line": 28, "column": 23 },
        "end": { "line": 28, "column": 50 }
      },
      "13": {
        "start": { "line": 29, "column": 2 },
        "end": { "line": 33, "column": 4 }
      },
      "14": {
        "start": { "line": 12, "column": 13 },
        "end": { "line": 12, "column": 39 }
      }
    },
    "fnMap": {
      "0": {
        "name": "(anonymous_0)",
        "decl": {
          "start": { "line": 12, "column": 39 },
          "end": { "line": 12, "column": 40 }
        },
        "loc": {
          "start": { "line": 14, "column": 37 },
          "end": { "line": 34, "column": 1 }
        }
      },
      "1": {
        "name": "(anonymous_1)",
        "decl": {
          "start": { "line": 20, "column": 32 },
          "end": { "line": 20, "column": 37 }
        },
        "loc": {
          "start": { "line": 20, "column": 43 },
          "end": { "line": 26, "column": 3 }
        }
      }
    },
    "branchMap": {
      "0": {
        "loc": {
          "start": { "line": 22, "column": 4 },
          "end": { "line": 25, "column": null }
        },
        "type": "if",
        "locations": [
          {
            "start": { "line": 22, "column": 4 },
            "end": { "line": 25, "column": null }
          }
        ]
      }
    },
    "s": {
      "0": 1,
      "1": 1,
      "2": 1,
      "3": 1,
      "4": 1,
      "5": 0,
      "6": 0,
      "7": 0,
      "8": 0,
      "9": 0,
      "10": 0,
      "11": 0,
      "12": 0,
      "13": 0,
      "14": 1
    },
    "f": { "0": 0, "1": 0 },
    "b": { "0": [0] }
  },
  "/home/nikolai/RSSchool/react-2023-q4/src/contexts/PageStateContext.tsx": {
    "path": "/home/nikolai/RSSchool/react-2023-q4/src/contexts/PageStateContext.tsx",
    "statementMap": {
      "0": {
        "start": { "line": 1, "column": 0 },
        "end": { "line": 1, "column": 67 }
      },
      "1": {
        "start": { "line": 4, "column": 13 },
        "end": { "line": 6, "column": 2 }
      },
      "2": {
        "start": { "line": 8, "column": 26 },
        "end": { "line": 8, "column": 27 }
      },
      "3": {
        "start": { "line": 10, "column": 33 },
        "end": { "line": 36, "column": 1 }
      },
      "4": {
        "start": { "line": 13, "column": 22 },
        "end": { "line": 13, "column": 56 }
      },
      "5": {
        "start": { "line": 14, "column": 26 },
        "end": { "line": 14, "column": 61 }
      },
      "6": {
        "start": { "line": 15, "column": 38 },
        "end": { "line": 15, "column": 68 }
      },
      "7": {
        "start": { "line": 16, "column": 34 },
        "end": { "line": 17, "column": null }
      },
      "8": {
        "start": { "line": 19, "column": 42 },
        "end": { "line": 19, "column": 72 }
      },
      "9": {
        "start": { "line": 21, "column": 23 },
        "end": { "line": 30, "column": 4 }
      },
      "10": {
        "start": { "line": 31, "column": 2 },
        "end": { "line": 35, "column": 4 }
      },
      "11": {
        "start": { "line": 10, "column": 13 },
        "end": { "line": 10, "column": 33 }
      }
    },
    "fnMap": {
      "0": {
        "name": "(anonymous_0)",
        "decl": {
          "start": { "line": 10, "column": 33 },
          "end": { "line": 10, "column": 34 }
        },
        "loc": {
          "start": { "line": 12, "column": 37 },
          "end": { "line": 36, "column": 1 }
        }
      }
    },
    "branchMap": {
      "0": {
        "loc": {
          "start": { "line": 13, "column": 22 },
          "end": { "line": 13, "column": 56 }
        },
        "type": "binary-expr",
        "locations": [
          {
            "start": { "line": 13, "column": 22 },
            "end": { "line": 13, "column": 50 }
          },
          {
            "start": { "line": 13, "column": 54 },
            "end": { "line": 13, "column": 56 }
          }
        ]
      }
    },
    "s": {
      "0": 2,
      "1": 2,
      "2": 2,
      "3": 2,
      "4": 0,
      "5": 0,
      "6": 0,
      "7": 0,
      "8": 0,
      "9": 0,
      "10": 0,
      "11": 2
    },
    "f": { "0": 0 },
    "b": { "0": [0, 0] }
  },
  "/home/nikolai/RSSchool/react-2023-q4/src/fixtures/Card.ts": {
    "path": "/home/nikolai/RSSchool/react-2023-q4/src/fixtures/Card.ts",
    "statementMap": {
      "0": {
        "start": { "line": 1, "column": 13 },
        "end": { "line": 5, "column": null }
      }
    },
    "fnMap": {},
    "branchMap": {},
    "s": { "0": 1 },
    "f": {},
    "b": {}
  },
  "/home/nikolai/RSSchool/react-2023-q4/src/fixtures/Cards.ts": {
    "path": "/home/nikolai/RSSchool/react-2023-q4/src/fixtures/Cards.ts",
    "statementMap": {
      "0": {
        "start": { "line": 1, "column": 13 },
        "end": { "line": 10, "column": null }
      }
    },
    "fnMap": {},
    "branchMap": {},
    "s": { "0": 1 },
    "f": {},
    "b": {}
  },
  "/home/nikolai/RSSchool/react-2023-q4/src/fixtures/Page.ts": {
    "path": "/home/nikolai/RSSchool/react-2023-q4/src/fixtures/Page.ts",
    "statementMap": {
      "0": {
        "start": { "line": 1, "column": 13 },
        "end": { "line": 9, "column": null }
      }
    },
    "fnMap": {},
    "branchMap": {},
    "s": { "0": 1 },
    "f": {},
    "b": {}
  },
  "/home/nikolai/RSSchool/react-2023-q4/src/hooks/useEpisodeResponseContext.tsx": {
    "path": "/home/nikolai/RSSchool/react-2023-q4/src/hooks/useEpisodeResponseContext.tsx",
    "statementMap": {
      "0": {
        "start": { "line": 1, "column": 0 },
        "end": { "line": 1, "column": 35 }
      },
      "1": {
        "start": { "line": 3, "column": 0 },
        "end": { "line": 3, "column": 76 }
      },
      "2": {
        "start": { "line": 6, "column": 18 },
        "end": { "line": 6, "column": 52 }
      },
      "3": {
        "start": { "line": 7, "column": 2 },
        "end": { "line": 7, "column": 17 }
      },
      "4": {
        "start": { "line": 5, "column": 0 },
        "end": { "line": 5, "column": 16 }
      }
    },
    "fnMap": {
      "0": {
        "name": "useEpisodeResponseContext",
        "decl": {
          "start": { "line": 5, "column": 16 },
          "end": { "line": 5, "column": 41 }
        },
        "loc": {
          "start": { "line": 5, "column": 41 },
          "end": { "line": 8, "column": 1 }
        }
      }
    },
    "branchMap": {},
    "s": { "0": 1, "1": 1, "2": 0, "3": 0, "4": 1 },
    "f": { "0": 0 },
    "b": {}
  },
  "/home/nikolai/RSSchool/react-2023-q4/src/hooks/usePageStateContext.tsx": {
    "path": "/home/nikolai/RSSchool/react-2023-q4/src/hooks/usePageStateContext.tsx",
    "statementMap": {
      "0": {
        "start": { "line": 1, "column": 0 },
        "end": { "line": 1, "column": 35 }
      },
      "1": {
        "start": { "line": 3, "column": 0 },
        "end": { "line": 3, "column": 64 }
      },
      "2": {
        "start": { "line": 6, "column": 18 },
        "end": { "line": 6, "column": 46 }
      },
      "3": {
        "start": { "line": 7, "column": 2 },
        "end": { "line": 7, "column": 17 }
      },
      "4": {
        "start": { "line": 5, "column": 0 },
        "end": { "line": 5, "column": 16 }
      }
    },
    "fnMap": {
      "0": {
        "name": "usePageStateContext",
        "decl": {
          "start": { "line": 5, "column": 16 },
          "end": { "line": 5, "column": 35 }
        },
        "loc": {
          "start": { "line": 5, "column": 35 },
          "end": { "line": 8, "column": 1 }
        }
      }
    },
    "branchMap": {},
    "s": { "0": 2, "1": 2, "2": 4, "3": 4, "4": 2 },
    "f": { "0": 4 },
    "b": {}
  },
  "/home/nikolai/RSSchool/react-2023-q4/src/services/stapi.ts": {
    "path": "/home/nikolai/RSSchool/react-2023-q4/src/services/stapi.ts",
    "statementMap": {
      "0": {
        "start": { "line": 4, "column": 13 },
        "end": { "line": 4, "column": 43 }
      },
      "1": {
        "start": { "line": 19, "column": 14 },
        "end": { "line": 19, "column": 42 }
      },
      "2": {
        "start": { "line": 20, "column": 19 },
        "end": { "line": 27, "column": 33 }
      },
      "3": {
        "start": { "line": 26, "column": 24 },
        "end": { "line": 26, "column": 39 }
      },
      "4": {
        "start": { "line": 27, "column": 24 },
        "end": { "line": 27, "column": 32 }
      },
      "5": {
        "start": { "line": 29, "column": 2 },
        "end": { "line": 29, "column": 24 }
      },
      "6": {
        "start": { "line": 16, "column": 0 },
        "end": { "line": 16, "column": 7 }
      },
      "7": {
        "start": { "line": 37, "column": 12 },
        "end": { "line": 37, "column": 37 }
      },
      "8": {
        "start": { "line": 38, "column": 2 },
        "end": { "line": 40, "column": null }
      },
      "9": {
        "start": { "line": 39, "column": 4 },
        "end": { "line": 39, "column": 39 }
      },
      "10": {
        "start": { "line": 41, "column": 2 },
        "end": { "line": 43, "column": null }
      },
      "11": {
        "start": { "line": 42, "column": 4 },
        "end": { "line": 42, "column": 35 }
      },
      "12": {
        "start": { "line": 44, "column": 13 },
        "end": { "line": 44, "column": 17 }
      },
      "13": {
        "start": { "line": 45, "column": 2 },
        "end": { "line": 47, "column": null }
      },
      "14": {
        "start": { "line": 46, "column": 4 },
        "end": { "line": 46, "column": 71 }
      },
      "15": {
        "start": { "line": 48, "column": 19 },
        "end": { "line": 56, "column": 33 }
      },
      "16": {
        "start": { "line": 55, "column": 24 },
        "end": { "line": 55, "column": 39 }
      },
      "17": {
        "start": { "line": 56, "column": 24 },
        "end": { "line": 56, "column": 32 }
      },
      "18": {
        "start": { "line": 58, "column": 2 },
        "end": { "line": 58, "column": 24 }
      },
      "19": {
        "start": { "line": 32, "column": 0 },
        "end": { "line": 32, "column": 7 }
      }
    },
    "fnMap": {
      "0": {
        "name": "getEpisode",
        "decl": {
          "start": { "line": 16, "column": 22 },
          "end": { "line": 16, "column": 32 }
        },
        "loc": {
          "start": { "line": 18, "column": 19 },
          "end": { "line": 30, "column": 1 }
        }
      },
      "1": {
        "name": "(anonymous_1)",
        "decl": {
          "start": { "line": 26, "column": 10 },
          "end": { "line": 26, "column": 11 }
        },
        "loc": {
          "start": { "line": 26, "column": 24 },
          "end": { "line": 26, "column": 39 }
        }
      },
      "2": {
        "name": "(anonymous_2)",
        "decl": {
          "start": { "line": 27, "column": 10 },
          "end": { "line": 27, "column": 11 }
        },
        "loc": {
          "start": { "line": 27, "column": 24 },
          "end": { "line": 27, "column": 32 }
        }
      },
      "3": {
        "name": "getEpisodes",
        "decl": {
          "start": { "line": 32, "column": 22 },
          "end": { "line": 32, "column": 33 }
        },
        "loc": {
          "start": { "line": 36, "column": 20 },
          "end": { "line": 59, "column": 1 }
        }
      },
      "4": {
        "name": "(anonymous_4)",
        "decl": {
          "start": { "line": 55, "column": 10 },
          "end": { "line": 55, "column": 11 }
        },
        "loc": {
          "start": { "line": 55, "column": 24 },
          "end": { "line": 55, "column": 39 }
        }
      },
      "5": {
        "name": "(anonymous_5)",
        "decl": {
          "start": { "line": 56, "column": 10 },
          "end": { "line": 56, "column": 11 }
        },
        "loc": {
          "start": { "line": 56, "column": 24 },
          "end": { "line": 56, "column": 32 }
        }
      }
    },
    "branchMap": {
      "0": {
        "loc": {
          "start": { "line": 29, "column": 9 },
          "end": { "line": 29, "column": 23 }
        },
        "type": "binary-expr",
        "locations": [
          {
            "start": { "line": 29, "column": 9 },
            "end": { "line": 29, "column": 17 }
          },
          {
            "start": { "line": 29, "column": 21 },
            "end": { "line": 29, "column": 23 }
          }
        ]
      },
      "1": {
        "loc": {
          "start": { "line": 38, "column": 2 },
          "end": { "line": 40, "column": null }
        },
        "type": "if",
        "locations": [
          {
            "start": { "line": 38, "column": 2 },
            "end": { "line": 40, "column": null }
          }
        ]
      },
      "2": {
        "loc": {
          "start": { "line": 41, "column": 2 },
          "end": { "line": 43, "column": null }
        },
        "type": "if",
        "locations": [
          {
            "start": { "line": 41, "column": 2 },
            "end": { "line": 43, "column": null }
          }
        ]
      },
      "3": {
        "loc": {
          "start": { "line": 45, "column": 2 },
          "end": { "line": 47, "column": null }
        },
        "type": "if",
        "locations": [
          {
            "start": { "line": 45, "column": 2 },
            "end": { "line": 47, "column": null }
          }
        ]
      },
      "4": {
        "loc": {
          "start": { "line": 58, "column": 9 },
          "end": { "line": 58, "column": 23 }
        },
        "type": "binary-expr",
        "locations": [
          {
            "start": { "line": 58, "column": 9 },
            "end": { "line": 58, "column": 17 }
          },
          {
            "start": { "line": 58, "column": 21 },
            "end": { "line": 58, "column": 23 }
          }
        ]
      }
    },
    "s": {
      "0": 1,
      "1": 0,
      "2": 0,
      "3": 0,
      "4": 0,
      "5": 0,
      "6": 1,
      "7": 0,
      "8": 0,
      "9": 0,
      "10": 0,
      "11": 0,
      "12": 0,
      "13": 0,
      "14": 0,
      "15": 0,
      "16": 0,
      "17": 0,
      "18": 0,
      "19": 1
    },
    "f": { "0": 0, "1": 0, "2": 0, "3": 0, "4": 0, "5": 0 },
    "b": { "0": [0, 0], "1": [0], "2": [0], "3": [0], "4": [0, 0] }
  }
}
