{"/home/nikolai/RSSchool/react-2023-q4/src/components/Card/Card.tsx": {"path":"/home/nikolai/RSSchool/react-2023-q4/src/components/Card/Card.tsx","statementMap":{"0":{"start":{"line":2,"column":0},"end":{"line":2,"column":20}},"1":{"start":{"line":4,"column":0},"end":{"line":4,"column":70}},"2":{"start":{"line":10,"column":29},"end":{"line":33,"column":1}},"3":{"start":{"line":11,"column":44},"end":{"line":11,"column":65}},"4":{"start":{"line":12,"column":23},"end":{"line":14,"column":3}},"5":{"start":{"line":13,"column":4},"end":{"line":13,"column":30}},"6":{"start":{"line":15,"column":21},"end":{"line":15,"column":46}},"7":{"start":{"line":17,"column":2},"end":{"line":32,"column":4}},"8":{"start":{"line":35,"column":0},"end":{"line":35,"column":20}}},"fnMap":{"0":{"name":"(anonymous_0)","decl":{"start":{"line":10,"column":29},"end":{"line":10,"column":30}},"loc":{"start":{"line":10,"column":54},"end":{"line":33,"column":1}}},"1":{"name":"(anonymous_1)","decl":{"start":{"line":12,"column":23},"end":{"line":12,"column":26}},"loc":{"start":{"line":12,"column":28},"end":{"line":14,"column":3}}}},"branchMap":{"0":{"loc":{"start":{"line":19,"column":25},"end":{"line":19,"column":54}},"type":"binary-expr","locations":[{"start":{"line":19,"column":25},"end":{"line":19,"column":35}},{"start":{"line":19,"column":39},"end":{"line":19,"column":54}}]}},"s":{"0":3,"1":3,"2":3,"3":113,"4":113,"5":4,"6":113,"7":113,"8":3},"f":{"0":113,"1":4},"b":{"0":[113,11]}}
,"/home/nikolai/RSSchool/react-2023-q4/src/components/Content/Content.tsx": {"path":"/home/nikolai/RSSchool/react-2023-q4/src/components/Content/Content.tsx","statementMap":{"0":{"start":{"line":2,"column":0},"end":{"line":2,"column":23}},"1":{"start":{"line":3,"column":0},"end":{"line":3,"column":27}},"2":{"start":{"line":5,"column":0},"end":{"line":5,"column":31}},"3":{"start":{"line":6,"column":0},"end":{"line":6,"column":39}},"4":{"start":{"line":7,"column":0},"end":{"line":7,"column":43}},"5":{"start":{"line":16,"column":35},"end":{"line":50,"column":1}},"6":{"start":{"line":21,"column":2},"end":{"line":29,"column":null}},"7":{"start":{"line":22,"column":4},"end":{"line":28,"column":6}},"8":{"start":{"line":31,"column":2},"end":{"line":33,"column":null}},"9":{"start":{"line":32,"column":4},"end":{"line":32,"column":78}},"10":{"start":{"line":35,"column":2},"end":{"line":49,"column":4}},"11":{"start":{"line":42,"column":14},"end":{"line":42,"column":51}},"12":{"start":{"line":52,"column":0},"end":{"line":52,"column":23}}},"fnMap":{"0":{"name":"(anonymous_1)","decl":{"start":{"line":16,"column":35},"end":{"line":16,"column":36}},"loc":{"start":{"line":20,"column":39},"end":{"line":50,"column":1}}},"1":{"name":"(anonymous_2)","decl":{"start":{"line":41,"column":23},"end":{"line":41,"column":24}},"loc":{"start":{"line":42,"column":14},"end":{"line":42,"column":51}}}},"branchMap":{"0":{"loc":{"start":{"line":21,"column":2},"end":{"line":29,"column":null}},"type":"if","locations":[{"start":{"line":21,"column":2},"end":{"line":29,"column":null}}]},"1":{"loc":{"start":{"line":21,"column":6},"end":{"line":21,"column":21}},"type":"binary-expr","locations":[{"start":{"line":21,"column":6},"end":{"line":21,"column":12}},{"start":{"line":21,"column":16},"end":{"line":21,"column":21}}]},"2":{"loc":{"start":{"line":31,"column":2},"end":{"line":33,"column":null}},"type":"if","locations":[{"start":{"line":31,"column":2},"end":{"line":33,"column":null}}]},"3":{"loc":{"start":{"line":45,"column":11},"end":{"line":45,"column":43}},"type":"binary-expr","locations":[{"start":{"line":45,"column":11},"end":{"line":45,"column":23}},{"start":{"line":45,"column":27},"end":{"line":45,"column":43}}]}},"s":{"0":2,"1":2,"2":2,"3":2,"4":2,"5":2,"6":39,"7":15,"8":24,"9":1,"10":23,"11":112,"12":2},"f":{"0":39,"1":112},"b":{"0":[15],"1":[39,24],"2":[1],"3":[23,11]}}
,"/home/nikolai/RSSchool/react-2023-q4/src/components/DetailedView/DetailedView.tsx": {"path":"/home/nikolai/RSSchool/react-2023-q4/src/components/DetailedView/DetailedView.tsx","statementMap":{"0":{"start":{"line":2,"column":0},"end":{"line":2,"column":28}},"1":{"start":{"line":3,"column":0},"end":{"line":3,"column":31}},"2":{"start":{"line":5,"column":0},"end":{"line":5,"column":70}},"3":{"start":{"line":6,"column":0},"end":{"line":6,"column":82}},"4":{"start":{"line":8,"column":25},"end":{"line":89,"column":1}},"5":{"start":{"line":9,"column":30},"end":{"line":9,"column":51}},"6":{"start":{"line":10,"column":27},"end":{"line":10,"column":54}},"7":{"start":{"line":12,"column":22},"end":{"line":14,"column":3}},"8":{"start":{"line":13,"column":4},"end":{"line":13,"column":31}},"9":{"start":{"line":16,"column":2},"end":{"line":24,"column":null}},"10":{"start":{"line":17,"column":4},"end":{"line":23,"column":6}},"11":{"start":{"line":25,"column":2},"end":{"line":88,"column":4}},"12":{"start":{"line":67,"column":14},"end":{"line":82,"column":16}},"13":{"start":{"line":91,"column":0},"end":{"line":91,"column":28}}},"fnMap":{"0":{"name":"(anonymous_1)","decl":{"start":{"line":8,"column":25},"end":{"line":8,"column":28}},"loc":{"start":{"line":8,"column":30},"end":{"line":89,"column":1}}},"1":{"name":"(anonymous_2)","decl":{"start":{"line":12,"column":22},"end":{"line":12,"column":25}},"loc":{"start":{"line":12,"column":27},"end":{"line":14,"column":3}}},"2":{"name":"(anonymous_3)","decl":{"start":{"line":66,"column":39},"end":{"line":66,"column":40}},"loc":{"start":{"line":66,"column":71},"end":{"line":83,"column":13}}}},"branchMap":{"0":{"loc":{"start":{"line":16,"column":2},"end":{"line":24,"column":null}},"type":"if","locations":[{"start":{"line":16,"column":2},"end":{"line":24,"column":null}}]},"1":{"loc":{"start":{"line":41,"column":9},"end":{"line":49,"column":null}},"type":"binary-expr","locations":[{"start":{"line":41,"column":9},"end":{"line":41,"column":30}},{"start":{"line":41,"column":34},"end":{"line":41,"column":53}},{"start":{"line":42,"column":10},"end":{"line":48,"column":null}}]},"2":{"loc":{"start":{"line":52,"column":9},"end":{"line":60,"column":null}},"type":"binary-expr","locations":[{"start":{"line":52,"column":9},"end":{"line":52,"column":34}},{"start":{"line":52,"column":38},"end":{"line":52,"column":64}},{"start":{"line":53,"column":10},"end":{"line":59,"column":null}}]},"3":{"loc":{"start":{"line":64,"column":11},"end":{"line":64,"column":61}},"type":"binary-expr","locations":[{"start":{"line":64,"column":11},"end":{"line":64,"column":42}},{"start":{"line":64,"column":46},"end":{"line":64,"column":61}}]},"4":{"loc":{"start":{"line":73,"column":21},"end":{"line":78,"column":null}},"type":"binary-expr","locations":[{"start":{"line":73,"column":21},"end":{"line":73,"column":39}},{"start":{"line":73,"column":43},"end":{"line":73,"column":62}},{"start":{"line":74,"column":22},"end":{"line":77,"column":null}}]}},"s":{"0":2,"1":2,"2":2,"3":2,"4":2,"5":11,"6":11,"7":11,"8":1,"9":11,"10":8,"11":3,"12":6,"13":2},"f":{"0":11,"1":1,"2":6},"b":{"0":[8],"1":[3,3,3],"2":[3,3,3],"3":[3,3],"4":[6,6,3]}}
,"/home/nikolai/RSSchool/react-2023-q4/src/components/ErrorBoundary/ErrorBoundary.tsx": {"path":"/home/nikolai/RSSchool/react-2023-q4/src/components/ErrorBoundary/ErrorBoundary.tsx","statementMap":{"0":{"start":{"line":1,"column":0},"end":{"line":1,"column":63}},"1":{"start":{"line":15,"column":4},"end":{"line":15,"column":17}},"2":{"start":{"line":16,"column":4},"end":{"line":16,"column":37}},"3":{"start":{"line":20,"column":4},"end":{"line":20,"column":30}},"4":{"start":{"line":24,"column":4},"end":{"line":24,"column":49}},"5":{"start":{"line":28,"column":4},"end":{"line":30,"column":null}},"6":{"start":{"line":29,"column":6},"end":{"line":29,"column":40}},"7":{"start":{"line":32,"column":4},"end":{"line":32,"column":38}},"8":{"start":{"line":36,"column":0},"end":{"line":36,"column":29}}},"fnMap":{"0":{"name":"(anonymous_1)","decl":{"start":{"line":14,"column":2},"end":{"line":14,"column":14}},"loc":{"start":{"line":14,"column":39},"end":{"line":17,"column":3}}},"1":{"name":"(anonymous_2)","decl":{"start":{"line":19,"column":2},"end":{"line":19,"column":8}},"loc":{"start":{"line":19,"column":33},"end":{"line":21,"column":3}}},"2":{"name":"(anonymous_3)","decl":{"start":{"line":23,"column":2},"end":{"line":23,"column":19}},"loc":{"start":{"line":23,"column":60},"end":{"line":25,"column":3}}},"3":{"name":"(anonymous_4)","decl":{"start":{"line":27,"column":2},"end":{"line":27,"column":8}},"loc":{"start":{"line":27,"column":8},"end":{"line":33,"column":3}}}},"branchMap":{"0":{"loc":{"start":{"line":28,"column":4},"end":{"line":30,"column":null}},"type":"if","locations":[{"start":{"line":28,"column":4},"end":{"line":30,"column":null}}]}},"s":{"0":1,"1":6,"2":6,"3":0,"4":0,"5":36,"6":0,"7":36,"8":1},"f":{"0":6,"1":0,"2":0,"3":36},"b":{"0":[0]}}
,"/home/nikolai/RSSchool/react-2023-q4/src/components/Loader/Loader.tsx": {"path":"/home/nikolai/RSSchool/react-2023-q4/src/components/Loader/Loader.tsx","statementMap":{"0":{"start":{"line":2,"column":0},"end":{"line":2,"column":22}},"1":{"start":{"line":4,"column":19},"end":{"line":5,"column":null}},"2":{"start":{"line":5,"column":2},"end":{"line":5,"column":43}},"3":{"start":{"line":8,"column":0},"end":{"line":8,"column":22}}},"fnMap":{"0":{"name":"(anonymous_0)","decl":{"start":{"line":4,"column":19},"end":{"line":4,"column":41}},"loc":{"start":{"line":5,"column":2},"end":{"line":5,"column":43}}}},"branchMap":{},"s":{"0":2,"1":2,"2":23,"3":2},"f":{"0":23},"b":{}}
,"/home/nikolai/RSSchool/react-2023-q4/src/components/Logo/Logo.tsx": {"path":"/home/nikolai/RSSchool/react-2023-q4/src/components/Logo/Logo.tsx","statementMap":{"0":{"start":{"line":2,"column":0},"end":{"line":2,"column":20}},"1":{"start":{"line":4,"column":17},"end":{"line":18,"column":null}},"2":{"start":{"line":5,"column":2},"end":{"line":17,"column":null}},"3":{"start":{"line":21,"column":0},"end":{"line":21,"column":20}}},"fnMap":{"0":{"name":"(anonymous_0)","decl":{"start":{"line":4,"column":17},"end":{"line":4,"column":39}},"loc":{"start":{"line":5,"column":2},"end":{"line":17,"column":null}}}},"branchMap":{},"s":{"0":2,"1":2,"2":37,"3":2},"f":{"0":37},"b":{}}
,"/home/nikolai/RSSchool/react-2023-q4/src/components/Nav/Nav.tsx": {"path":"/home/nikolai/RSSchool/react-2023-q4/src/components/Nav/Nav.tsx","statementMap":{"0":{"start":{"line":1,"column":0},"end":{"line":1,"column":19}},"1":{"start":{"line":2,"column":0},"end":{"line":2,"column":31}},"2":{"start":{"line":3,"column":0},"end":{"line":3,"column":27}},"3":{"start":{"line":4,"column":0},"end":{"line":4,"column":39}},"4":{"start":{"line":7,"column":19},"end":{"line":18,"column":null}},"5":{"start":{"line":8,"column":2},"end":{"line":17,"column":null}},"6":{"start":{"line":21,"column":0},"end":{"line":21,"column":22}}},"fnMap":{"0":{"name":"(anonymous_1)","decl":{"start":{"line":7,"column":19},"end":{"line":7,"column":22}},"loc":{"start":{"line":8,"column":2},"end":{"line":17,"column":null}}}},"branchMap":{},"s":{"0":2,"1":2,"2":2,"3":2,"4":2,"5":37,"6":2},"f":{"0":37},"b":{}}
,"/home/nikolai/RSSchool/react-2023-q4/src/components/NotFound/NotFound.tsx": {"path":"/home/nikolai/RSSchool/react-2023-q4/src/components/NotFound/NotFound.tsx","statementMap":{"0":{"start":{"line":2,"column":0},"end":{"line":2,"column":24}},"1":{"start":{"line":3,"column":0},"end":{"line":3,"column":40}},"2":{"start":{"line":5,"column":21},"end":{"line":13,"column":null}},"3":{"start":{"line":6,"column":2},"end":{"line":12,"column":null}},"4":{"start":{"line":16,"column":0},"end":{"line":16,"column":24}}},"fnMap":{"0":{"name":"(anonymous_0)","decl":{"start":{"line":5,"column":21},"end":{"line":5,"column":43}},"loc":{"start":{"line":6,"column":2},"end":{"line":12,"column":null}}}},"branchMap":{},"s":{"0":1,"1":1,"2":1,"3":1,"4":1},"f":{"0":1},"b":{}}
,"/home/nikolai/RSSchool/react-2023-q4/src/components/Page/Page.tsx": {"path":"/home/nikolai/RSSchool/react-2023-q4/src/components/Page/Page.tsx","statementMap":{"0":{"start":{"line":1,"column":0},"end":{"line":1,"column":38}},"1":{"start":{"line":2,"column":0},"end":{"line":2,"column":25}},"2":{"start":{"line":3,"column":0},"end":{"line":3,"column":33}},"3":{"start":{"line":4,"column":0},"end":{"line":4,"column":45}},"4":{"start":{"line":5,"column":0},"end":{"line":5,"column":20}},"5":{"start":{"line":6,"column":0},"end":{"line":6,"column":47}},"6":{"start":{"line":7,"column":0},"end":{"line":7,"column":70}},"7":{"start":{"line":8,"column":0},"end":{"line":8,"column":84}},"8":{"start":{"line":9,"column":0},"end":{"line":9,"column":82}},"9":{"start":{"line":15,"column":17},"end":{"line":64,"column":1}},"10":{"start":{"line":16,"column":38},"end":{"line":16,"column":66}},"11":{"start":{"line":17,"column":55},"end":{"line":17,"column":76}},"12":{"start":{"line":18,"column":19},"end":{"line":18,"column":32}},"13":{"start":{"line":20,"column":2},"end":{"line":22,"column":25}},"14":{"start":{"line":21,"column":4},"end":{"line":21,"column":17}},"15":{"start":{"line":24,"column":2},"end":{"line":36,"column":53}},"16":{"start":{"line":25,"column":14},"end":{"line":25,"column":37}},"17":{"start":{"line":26,"column":4},"end":{"line":28,"column":null}},"18":{"start":{"line":27,"column":6},"end":{"line":27,"column":41}},"19":{"start":{"line":29,"column":4},"end":{"line":31,"column":null}},"20":{"start":{"line":30,"column":6},"end":{"line":30,"column":37}},"21":{"start":{"line":32,"column":4},"end":{"line":34,"column":null}},"22":{"start":{"line":33,"column":6},"end":{"line":33,"column":41}},"23":{"start":{"line":35,"column":4},"end":{"line":35,"column":18}},"24":{"start":{"line":38,"column":24},"end":{"line":38,"column":51}},"25":{"start":{"line":40,"column":2},"end":{"line":44,"column":32}},"26":{"start":{"line":41,"column":4},"end":{"line":43,"column":null}},"27":{"start":{"line":42,"column":6},"end":{"line":42,"column":18}},"28":{"start":{"line":46,"column":2},"end":{"line":63,"column":4}},"29":{"start":{"line":66,"column":0},"end":{"line":66,"column":20}}},"fnMap":{"0":{"name":"(anonymous_1)","decl":{"start":{"line":15,"column":17},"end":{"line":15,"column":39}},"loc":{"start":{"line":15,"column":41},"end":{"line":64,"column":1}}},"1":{"name":"(anonymous_2)","decl":{"start":{"line":20,"column":12},"end":{"line":20,"column":15}},"loc":{"start":{"line":20,"column":17},"end":{"line":22,"column":3}}},"2":{"name":"(anonymous_3)","decl":{"start":{"line":24,"column":12},"end":{"line":24,"column":15}},"loc":{"start":{"line":24,"column":17},"end":{"line":36,"column":3}}},"3":{"name":"(anonymous_4)","decl":{"start":{"line":40,"column":12},"end":{"line":40,"column":15}},"loc":{"start":{"line":40,"column":17},"end":{"line":44,"column":3}}}},"branchMap":{"0":{"loc":{"start":{"line":26,"column":4},"end":{"line":28,"column":null}},"type":"if","locations":[{"start":{"line":26,"column":4},"end":{"line":28,"column":null}}]},"1":{"loc":{"start":{"line":29,"column":4},"end":{"line":31,"column":null}},"type":"if","locations":[{"start":{"line":29,"column":4},"end":{"line":31,"column":null}}]},"2":{"loc":{"start":{"line":32,"column":4},"end":{"line":34,"column":null}},"type":"if","locations":[{"start":{"line":32,"column":4},"end":{"line":34,"column":null}}]},"3":{"loc":{"start":{"line":41,"column":4},"end":{"line":43,"column":null}},"type":"if","locations":[{"start":{"line":41,"column":4},"end":{"line":43,"column":null}}]}},"s":{"0":1,"1":1,"2":1,"3":1,"4":1,"5":1,"6":1,"7":1,"8":1,"9":1,"10":36,"11":36,"12":36,"13":36,"14":8,"15":36,"16":13,"17":13,"18":2,"19":13,"20":13,"21":13,"22":4,"23":13,"24":36,"25":36,"26":11,"27":4,"28":36,"29":1},"f":{"0":36,"1":8,"2":13,"3":11},"b":{"0":[2],"1":[13],"2":[4],"3":[4]}}
,"/home/nikolai/RSSchool/react-2023-q4/src/components/Pagination/Pagination.tsx": {"path":"/home/nikolai/RSSchool/react-2023-q4/src/components/Pagination/Pagination.tsx","statementMap":{"0":{"start":{"line":1,"column":0},"end":{"line":1,"column":53}},"1":{"start":{"line":2,"column":0},"end":{"line":2,"column":26}},"2":{"start":{"line":4,"column":0},"end":{"line":4,"column":70}},"3":{"start":{"line":10,"column":29},"end":{"line":60,"column":1}},"4":{"start":{"line":11,"column":41},"end":{"line":11,"column":62}},"5":{"start":{"line":12,"column":21},"end":{"line":18,"column":21}},"6":{"start":{"line":13,"column":4},"end":{"line":17,"column":7}},"7":{"start":{"line":14,"column":6},"end":{"line":16,"column":null}},"8":{"start":{"line":15,"column":8},"end":{"line":15,"column":29}},"9":{"start":{"line":19,"column":21},"end":{"line":26,"column":21}},"10":{"start":{"line":20,"column":4},"end":{"line":25,"column":7}},"11":{"start":{"line":21,"column":6},"end":{"line":23,"column":null}},"12":{"start":{"line":22,"column":8},"end":{"line":22,"column":17}},"13":{"start":{"line":24,"column":6},"end":{"line":24,"column":27}},"14":{"start":{"line":27,"column":25},"end":{"line":30,"column":3}},"15":{"start":{"line":28,"column":4},"end":{"line":28,"column":21}},"16":{"start":{"line":29,"column":4},"end":{"line":29,"column":40}},"17":{"start":{"line":32,"column":2},"end":{"line":59,"column":null}},"18":{"start":{"line":33,"column":4},"end":{"line":58,"column":6}},"19":{"start":{"line":62,"column":0},"end":{"line":62,"column":20}}},"fnMap":{"0":{"name":"(anonymous_0)","decl":{"start":{"line":10,"column":29},"end":{"line":10,"column":30}},"loc":{"start":{"line":10,"column":54},"end":{"line":60,"column":1}}},"1":{"name":"(anonymous_1)","decl":{"start":{"line":12,"column":33},"end":{"line":12,"column":36}},"loc":{"start":{"line":12,"column":38},"end":{"line":18,"column":3}}},"2":{"name":"(anonymous_2)","decl":{"start":{"line":13,"column":18},"end":{"line":13,"column":19}},"loc":{"start":{"line":13,"column":41},"end":{"line":17,"column":5}}},"3":{"name":"(anonymous_3)","decl":{"start":{"line":19,"column":33},"end":{"line":19,"column":36}},"loc":{"start":{"line":19,"column":38},"end":{"line":26,"column":3}}},"4":{"name":"(anonymous_4)","decl":{"start":{"line":20,"column":18},"end":{"line":20,"column":19}},"loc":{"start":{"line":20,"column":41},"end":{"line":25,"column":5}}},"5":{"name":"(anonymous_5)","decl":{"start":{"line":27,"column":25},"end":{"line":27,"column":26}},"loc":{"start":{"line":27,"column":63},"end":{"line":30,"column":3}}}},"branchMap":{"0":{"loc":{"start":{"line":14,"column":6},"end":{"line":16,"column":null}},"type":"if","locations":[{"start":{"line":14,"column":6},"end":{"line":16,"column":null}}]},"1":{"loc":{"start":{"line":14,"column":10},"end":{"line":14,"column":36}},"type":"binary-expr","locations":[{"start":{"line":14,"column":10},"end":{"line":14,"column":19}},{"start":{"line":14,"column":23},"end":{"line":14,"column":36}}]},"2":{"loc":{"start":{"line":21,"column":6},"end":{"line":23,"column":null}},"type":"if","locations":[{"start":{"line":21,"column":6},"end":{"line":23,"column":null}}]},"3":{"loc":{"start":{"line":32,"column":2},"end":{"line":59,"column":null}},"type":"if","locations":[{"start":{"line":32,"column":2},"end":{"line":59,"column":null}}]}},"s":{"0":2,"1":2,"2":2,"3":2,"4":23,"5":23,"6":0,"7":0,"8":0,"9":23,"10":2,"11":2,"12":1,"13":1,"14":23,"15":0,"16":0,"17":23,"18":23,"19":2},"f":{"0":23,"1":0,"2":0,"3":2,"4":2,"5":0},"b":{"0":[0],"1":[0,0],"2":[1],"3":[23]}}
,"/home/nikolai/RSSchool/react-2023-q4/src/components/Search/Search.tsx": {"path":"/home/nikolai/RSSchool/react-2023-q4/src/components/Search/Search.tsx","statementMap":{"0":{"start":{"line":1,"column":0},"end":{"line":1,"column":50}},"1":{"start":{"line":2,"column":0},"end":{"line":2,"column":22}},"2":{"start":{"line":3,"column":0},"end":{"line":3,"column":70}},"3":{"start":{"line":5,"column":19},"end":{"line":38,"column":1}},"4":{"start":{"line":6,"column":22},"end":{"line":6,"column":43}},"5":{"start":{"line":7,"column":28},"end":{"line":7,"column":62}},"6":{"start":{"line":8,"column":38},"end":{"line":8,"column":73}},"7":{"start":{"line":10,"column":22},"end":{"line":12,"column":3}},"8":{"start":{"line":11,"column":4},"end":{"line":11,"column":38}},"9":{"start":{"line":14,"column":23},"end":{"line":17,"column":3}},"10":{"start":{"line":15,"column":4},"end":{"line":15,"column":45}},"11":{"start":{"line":16,"column":4},"end":{"line":16,"column":24}},"12":{"start":{"line":19,"column":2},"end":{"line":37,"column":4}},"13":{"start":{"line":40,"column":0},"end":{"line":40,"column":22}}},"fnMap":{"0":{"name":"(anonymous_0)","decl":{"start":{"line":5,"column":19},"end":{"line":5,"column":22}},"loc":{"start":{"line":5,"column":24},"end":{"line":38,"column":1}}},"1":{"name":"(anonymous_1)","decl":{"start":{"line":10,"column":22},"end":{"line":10,"column":23}},"loc":{"start":{"line":10,"column":69},"end":{"line":12,"column":3}}},"2":{"name":"(anonymous_2)","decl":{"start":{"line":14,"column":23},"end":{"line":14,"column":32}},"loc":{"start":{"line":14,"column":34},"end":{"line":17,"column":3}}}},"branchMap":{"0":{"loc":{"start":{"line":7,"column":28},"end":{"line":7,"column":62}},"type":"binary-expr","locations":[{"start":{"line":7,"column":28},"end":{"line":7,"column":56}},{"start":{"line":7,"column":60},"end":{"line":7,"column":62}}]}},"s":{"0":2,"1":2,"2":2,"3":2,"4":42,"5":42,"6":42,"7":42,"8":4,"9":42,"10":1,"11":1,"12":42,"13":2},"f":{"0":42,"1":4,"2":1},"b":{"0":[42,39]}}
,"/home/nikolai/RSSchool/react-2023-q4/src/components/ThrowError/ThrowError.tsx": {"path":"/home/nikolai/RSSchool/react-2023-q4/src/components/ThrowError/ThrowError.tsx","statementMap":{"0":{"start":{"line":1,"column":0},"end":{"line":1,"column":37}},"1":{"start":{"line":2,"column":0},"end":{"line":2,"column":26}},"2":{"start":{"line":6,"column":23},"end":{"line":26,"column":1}},"3":{"start":{"line":8,"column":4},"end":{"line":8,"column":37}},"4":{"start":{"line":10,"column":22},"end":{"line":10,"column":59}},"5":{"start":{"line":10,"column":34},"end":{"line":10,"column":59}},"6":{"start":{"line":14,"column":20},"end":{"line":14,"column":22}},"7":{"start":{"line":16,"column":2},"end":{"line":18,"column":null}},"8":{"start":{"line":17,"column":4},"end":{"line":17,"column":39}},"9":{"start":{"line":19,"column":2},"end":{"line":25,"column":4}},"10":{"start":{"line":28,"column":0},"end":{"line":28,"column":26}}},"fnMap":{"0":{"name":"(anonymous_0)","decl":{"start":{"line":6,"column":23},"end":{"line":6,"column":45}},"loc":{"start":{"line":6,"column":47},"end":{"line":26,"column":1}}},"1":{"name":"(anonymous_1)","decl":{"start":{"line":10,"column":22},"end":{"line":10,"column":31}},"loc":{"start":{"line":10,"column":34},"end":{"line":10,"column":59}}}},"branchMap":{"0":{"loc":{"start":{"line":16,"column":2},"end":{"line":18,"column":null}},"type":"if","locations":[{"start":{"line":16,"column":2},"end":{"line":18,"column":null}}]}},"s":{"0":2,"1":2,"2":2,"3":37,"4":37,"5":0,"6":37,"7":37,"8":0,"9":37,"10":2},"f":{"0":37,"1":0},"b":{"0":[0]}}
,"/home/nikolai/RSSchool/react-2023-q4/src/contexts/EpisodeResponseContext.tsx": {"path":"/home/nikolai/RSSchool/react-2023-q4/src/contexts/EpisodeResponseContext.tsx","statementMap":{"0":{"start":{"line":1,"column":0},"end":{"line":1,"column":80}},"1":{"start":{"line":2,"column":0},"end":{"line":2,"column":47}},"2":{"start":{"line":3,"column":0},"end":{"line":3,"column":67}},"3":{"start":{"line":7,"column":13},"end":{"line":10,"column":4}},"4":{"start":{"line":12,"column":39},"end":{"line":34,"column":1}},"5":{"start":{"line":15,"column":27},"end":{"line":15,"column":48}},"6":{"start":{"line":16,"column":42},"end":{"line":17,"column":null}},"7":{"start":{"line":20,"column":20},"end":{"line":26,"column":20}},"8":{"start":{"line":21,"column":4},"end":{"line":21,"column":26}},"9":{"start":{"line":22,"column":4},"end":{"line":25,"column":null}},"10":{"start":{"line":23,"column":23},"end":{"line":23,"column":62}},"11":{"start":{"line":24,"column":6},"end":{"line":24,"column":40}},"12":{"start":{"line":28,"column":23},"end":{"line":28,"column":50}},"13":{"start":{"line":29,"column":2},"end":{"line":33,"column":4}},"14":{"start":{"line":12,"column":13},"end":{"line":12,"column":39}}},"fnMap":{"0":{"name":"(anonymous_0)","decl":{"start":{"line":12,"column":39},"end":{"line":12,"column":40}},"loc":{"start":{"line":14,"column":37},"end":{"line":34,"column":1}}},"1":{"name":"(anonymous_1)","decl":{"start":{"line":20,"column":32},"end":{"line":20,"column":37}},"loc":{"start":{"line":20,"column":43},"end":{"line":26,"column":3}}}},"branchMap":{"0":{"loc":{"start":{"line":22,"column":4},"end":{"line":25,"column":null}},"type":"if","locations":[{"start":{"line":22,"column":4},"end":{"line":25,"column":null}}]}},"s":{"0":3,"1":3,"2":3,"3":3,"4":3,"5":23,"6":23,"7":23,"8":4,"9":4,"10":4,"11":4,"12":23,"13":23,"14":3},"f":{"0":23,"1":4},"b":{"0":[4]}}
,"/home/nikolai/RSSchool/react-2023-q4/src/contexts/EpisodesResponseContext.tsx": {"path":"/home/nikolai/RSSchool/react-2023-q4/src/contexts/EpisodesResponseContext.tsx","statementMap":{"0":{"start":{"line":1,"column":0},"end":{"line":1,"column":80}},"1":{"start":{"line":2,"column":0},"end":{"line":2,"column":48}},"2":{"start":{"line":5,"column":0},"end":{"line":5,"column":67}},"3":{"start":{"line":8,"column":13},"end":{"line":11,"column":4}},"4":{"start":{"line":13,"column":40},"end":{"line":33,"column":1}},"5":{"start":{"line":16,"column":28},"end":{"line":16,"column":61}},"6":{"start":{"line":17,"column":26},"end":{"line":17,"column":54}},"7":{"start":{"line":18,"column":41},"end":{"line":18,"column":62}},"8":{"start":{"line":20,"column":21},"end":{"line":26,"column":34}},"9":{"start":{"line":21,"column":4},"end":{"line":21,"column":19}},"10":{"start":{"line":22,"column":4},"end":{"line":22,"column":18}},"11":{"start":{"line":23,"column":21},"end":{"line":23,"column":70}},"12":{"start":{"line":24,"column":4},"end":{"line":24,"column":32}},"13":{"start":{"line":25,"column":4},"end":{"line":25,"column":27}},"14":{"start":{"line":27,"column":23},"end":{"line":27,"column":50}},"15":{"start":{"line":28,"column":2},"end":{"line":32,"column":4}},"16":{"start":{"line":13,"column":13},"end":{"line":13,"column":40}}},"fnMap":{"0":{"name":"(anonymous_0)","decl":{"start":{"line":13,"column":40},"end":{"line":13,"column":41}},"loc":{"start":{"line":15,"column":37},"end":{"line":33,"column":1}}},"1":{"name":"(anonymous_1)","decl":{"start":{"line":20,"column":33},"end":{"line":20,"column":38}},"loc":{"start":{"line":20,"column":44},"end":{"line":26,"column":3}}}},"branchMap":{},"s":{"0":2,"1":2,"2":2,"3":2,"4":2,"5":25,"6":25,"7":25,"8":25,"9":8,"10":8,"11":8,"12":8,"13":8,"14":25,"15":25,"16":2},"f":{"0":25,"1":8},"b":{}}
,"/home/nikolai/RSSchool/react-2023-q4/src/contexts/PageStateContext.tsx": {"path":"/home/nikolai/RSSchool/react-2023-q4/src/contexts/PageStateContext.tsx","statementMap":{"0":{"start":{"line":1,"column":0},"end":{"line":1,"column":67}},"1":{"start":{"line":4,"column":13},"end":{"line":6,"column":2}},"2":{"start":{"line":8,"column":26},"end":{"line":8,"column":27}},"3":{"start":{"line":10,"column":33},"end":{"line":36,"column":1}},"4":{"start":{"line":13,"column":22},"end":{"line":13,"column":56}},"5":{"start":{"line":14,"column":26},"end":{"line":14,"column":61}},"6":{"start":{"line":15,"column":38},"end":{"line":15,"column":68}},"7":{"start":{"line":16,"column":34},"end":{"line":17,"column":null}},"8":{"start":{"line":19,"column":42},"end":{"line":19,"column":72}},"9":{"start":{"line":21,"column":23},"end":{"line":30,"column":4}},"10":{"start":{"line":31,"column":2},"end":{"line":35,"column":4}},"11":{"start":{"line":10,"column":13},"end":{"line":10,"column":33}}},"fnMap":{"0":{"name":"(anonymous_0)","decl":{"start":{"line":10,"column":33},"end":{"line":10,"column":34}},"loc":{"start":{"line":12,"column":37},"end":{"line":36,"column":1}}}},"branchMap":{"0":{"loc":{"start":{"line":13,"column":22},"end":{"line":13,"column":56}},"type":"binary-expr","locations":[{"start":{"line":13,"column":22},"end":{"line":13,"column":50}},{"start":{"line":13,"column":54},"end":{"line":13,"column":56}}]}},"s":{"0":4,"1":4,"2":4,"3":4,"4":16,"5":16,"6":16,"7":16,"8":16,"9":16,"10":16,"11":4},"f":{"0":16},"b":{"0":[16,13]}}
,"/home/nikolai/RSSchool/react-2023-q4/src/fixtures/Card.ts": {"path":"/home/nikolai/RSSchool/react-2023-q4/src/fixtures/Card.ts","statementMap":{"0":{"start":{"line":1,"column":13},"end":{"line":5,"column":2}}},"fnMap":{},"branchMap":{},"s":{"0":1},"f":{},"b":{}}
,"/home/nikolai/RSSchool/react-2023-q4/src/fixtures/Cards.ts": {"path":"/home/nikolai/RSSchool/react-2023-q4/src/fixtures/Cards.ts","statementMap":{"0":{"start":{"line":1,"column":13},"end":{"line":12,"column":2}}},"fnMap":{},"branchMap":{},"s":{"0":1},"f":{},"b":{}}
,"/home/nikolai/RSSchool/react-2023-q4/src/fixtures/EpisodeResponse.ts": {"path":"/home/nikolai/RSSchool/react-2023-q4/src/fixtures/EpisodeResponse.ts","statementMap":{"0":{"start":{"line":1,"column":13},"end":{"line":1445,"column":2}}},"fnMap":{},"branchMap":{},"s":{"0":1},"f":{},"b":{}}
,"/home/nikolai/RSSchool/react-2023-q4/src/fixtures/EpisodesResponse.ts": {"path":"/home/nikolai/RSSchool/react-2023-q4/src/fixtures/EpisodesResponse.ts","statementMap":{"0":{"start":{"line":1,"column":13},"end":{"line":141,"column":2}}},"fnMap":{},"branchMap":{},"s":{"0":1},"f":{},"b":{}}
,"/home/nikolai/RSSchool/react-2023-q4/src/fixtures/Page.ts": {"path":"/home/nikolai/RSSchool/react-2023-q4/src/fixtures/Page.ts","statementMap":{"0":{"start":{"line":1,"column":13},"end":{"line":9,"column":2}}},"fnMap":{},"branchMap":{},"s":{"0":1},"f":{},"b":{}}
,"/home/nikolai/RSSchool/react-2023-q4/src/handlers/episode.handler.ts": {"path":"/home/nikolai/RSSchool/react-2023-q4/src/handlers/episode.handler.ts","statementMap":{"0":{"start":{"line":5,"column":0},"end":{"line":5,"column":62}},"1":{"start":{"line":6,"column":0},"end":{"line":6,"column":48}},"2":{"start":{"line":7,"column":12},"end":{"line":7,"column":50}},"3":{"start":{"line":9,"column":13},"end":{"line":12,"column":3}},"4":{"start":{"line":10,"column":2},"end":{"line":10,"column":19}},"5":{"start":{"line":11,"column":2},"end":{"line":11,"column":44}}},"fnMap":{"0":{"name":"(anonymous_0)","decl":{"start":{"line":9,"column":35},"end":{"line":9,"column":40}},"loc":{"start":{"line":9,"column":46},"end":{"line":12,"column":1}}}},"branchMap":{},"s":{"0":1,"1":1,"2":1,"3":1,"4":4,"5":4},"f":{"0":4},"b":{}}
,"/home/nikolai/RSSchool/react-2023-q4/src/handlers/episodes.handler.ts": {"path":"/home/nikolai/RSSchool/react-2023-q4/src/handlers/episodes.handler.ts","statementMap":{"0":{"start":{"line":5,"column":0},"end":{"line":5,"column":64}},"1":{"start":{"line":6,"column":0},"end":{"line":6,"column":41}},"2":{"start":{"line":7,"column":12},"end":{"line":7,"column":57}},"3":{"start":{"line":9,"column":13},"end":{"line":11,"column":3}},"4":{"start":{"line":10,"column":2},"end":{"line":10,"column":45}}},"fnMap":{"0":{"name":"(anonymous_0)","decl":{"start":{"line":9,"column":36},"end":{"line":9,"column":39}},"loc":{"start":{"line":9,"column":41},"end":{"line":11,"column":1}}}},"branchMap":{},"s":{"0":1,"1":1,"2":1,"3":1,"4":8},"f":{"0":8},"b":{}}
,"/home/nikolai/RSSchool/react-2023-q4/src/hooks/useEpisodeResponseContext.tsx": {"path":"/home/nikolai/RSSchool/react-2023-q4/src/hooks/useEpisodeResponseContext.tsx","statementMap":{"0":{"start":{"line":1,"column":0},"end":{"line":1,"column":35}},"1":{"start":{"line":3,"column":0},"end":{"line":3,"column":76}},"2":{"start":{"line":6,"column":18},"end":{"line":6,"column":52}},"3":{"start":{"line":7,"column":2},"end":{"line":7,"column":17}},"4":{"start":{"line":5,"column":0},"end":{"line":5,"column":16}}},"fnMap":{"0":{"name":"useEpisodeResponseContext","decl":{"start":{"line":5,"column":16},"end":{"line":5,"column":41}},"loc":{"start":{"line":5,"column":41},"end":{"line":8,"column":1}}}},"branchMap":{},"s":{"0":2,"1":2,"2":47,"3":47,"4":2},"f":{"0":47},"b":{}}
,"/home/nikolai/RSSchool/react-2023-q4/src/hooks/useEpisodesResponseContext.tsx": {"path":"/home/nikolai/RSSchool/react-2023-q4/src/hooks/useEpisodesResponseContext.tsx","statementMap":{"0":{"start":{"line":1,"column":0},"end":{"line":1,"column":35}},"1":{"start":{"line":2,"column":0},"end":{"line":2,"column":78}},"2":{"start":{"line":6,"column":18},"end":{"line":6,"column":53}},"3":{"start":{"line":7,"column":2},"end":{"line":7,"column":17}},"4":{"start":{"line":5,"column":0},"end":{"line":5,"column":16}}},"fnMap":{"0":{"name":"useEpisodesResponseContext","decl":{"start":{"line":5,"column":16},"end":{"line":5,"column":42}},"loc":{"start":{"line":5,"column":42},"end":{"line":8,"column":1}}}},"branchMap":{},"s":{"0":1,"1":1,"2":36,"3":36,"4":1},"f":{"0":36},"b":{}}
,"/home/nikolai/RSSchool/react-2023-q4/src/hooks/usePageStateContext.tsx": {"path":"/home/nikolai/RSSchool/react-2023-q4/src/hooks/usePageStateContext.tsx","statementMap":{"0":{"start":{"line":1,"column":0},"end":{"line":1,"column":35}},"1":{"start":{"line":3,"column":0},"end":{"line":3,"column":64}},"2":{"start":{"line":6,"column":18},"end":{"line":6,"column":46}},"3":{"start":{"line":7,"column":2},"end":{"line":7,"column":17}},"4":{"start":{"line":5,"column":0},"end":{"line":5,"column":16}}},"fnMap":{"0":{"name":"usePageStateContext","decl":{"start":{"line":5,"column":16},"end":{"line":5,"column":35}},"loc":{"start":{"line":5,"column":35},"end":{"line":8,"column":1}}}},"branchMap":{},"s":{"0":4,"1":4,"2":273,"3":273,"4":4},"f":{"0":273},"b":{}}
,"/home/nikolai/RSSchool/react-2023-q4/src/services/stapi.ts": {"path":"/home/nikolai/RSSchool/react-2023-q4/src/services/stapi.ts","statementMap":{"0":{"start":{"line":4,"column":13},"end":{"line":4,"column":43}},"1":{"start":{"line":19,"column":14},"end":{"line":19,"column":42}},"2":{"start":{"line":21,"column":19},"end":{"line":28,"column":33}},"3":{"start":{"line":27,"column":24},"end":{"line":27,"column":39}},"4":{"start":{"line":28,"column":24},"end":{"line":28,"column":32}},"5":{"start":{"line":30,"column":2},"end":{"line":30,"column":24}},"6":{"start":{"line":16,"column":0},"end":{"line":16,"column":7}},"7":{"start":{"line":38,"column":12},"end":{"line":38,"column":37}},"8":{"start":{"line":39,"column":2},"end":{"line":41,"column":null}},"9":{"start":{"line":40,"column":4},"end":{"line":40,"column":39}},"10":{"start":{"line":42,"column":2},"end":{"line":44,"column":null}},"11":{"start":{"line":43,"column":4},"end":{"line":43,"column":35}},"12":{"start":{"line":45,"column":13},"end":{"line":45,"column":17}},"13":{"start":{"line":46,"column":2},"end":{"line":48,"column":null}},"14":{"start":{"line":47,"column":4},"end":{"line":47,"column":71}},"15":{"start":{"line":49,"column":19},"end":{"line":57,"column":33}},"16":{"start":{"line":56,"column":24},"end":{"line":56,"column":39}},"17":{"start":{"line":57,"column":24},"end":{"line":57,"column":32}},"18":{"start":{"line":59,"column":2},"end":{"line":59,"column":24}},"19":{"start":{"line":33,"column":0},"end":{"line":33,"column":7}}},"fnMap":{"0":{"name":"getEpisode","decl":{"start":{"line":16,"column":22},"end":{"line":16,"column":32}},"loc":{"start":{"line":18,"column":19},"end":{"line":31,"column":1}}},"1":{"name":"(anonymous_1)","decl":{"start":{"line":27,"column":10},"end":{"line":27,"column":11}},"loc":{"start":{"line":27,"column":24},"end":{"line":27,"column":39}}},"2":{"name":"(anonymous_2)","decl":{"start":{"line":28,"column":10},"end":{"line":28,"column":11}},"loc":{"start":{"line":28,"column":24},"end":{"line":28,"column":32}}},"3":{"name":"getEpisodes","decl":{"start":{"line":33,"column":22},"end":{"line":33,"column":33}},"loc":{"start":{"line":37,"column":20},"end":{"line":60,"column":1}}},"4":{"name":"(anonymous_4)","decl":{"start":{"line":56,"column":10},"end":{"line":56,"column":11}},"loc":{"start":{"line":56,"column":24},"end":{"line":56,"column":39}}},"5":{"name":"(anonymous_5)","decl":{"start":{"line":57,"column":10},"end":{"line":57,"column":11}},"loc":{"start":{"line":57,"column":24},"end":{"line":57,"column":32}}}},"branchMap":{"0":{"loc":{"start":{"line":30,"column":9},"end":{"line":30,"column":23}},"type":"binary-expr","locations":[{"start":{"line":30,"column":9},"end":{"line":30,"column":17}},{"start":{"line":30,"column":21},"end":{"line":30,"column":23}}]},"1":{"loc":{"start":{"line":39,"column":2},"end":{"line":41,"column":null}},"type":"if","locations":[{"start":{"line":39,"column":2},"end":{"line":41,"column":null}}]},"2":{"loc":{"start":{"line":42,"column":2},"end":{"line":44,"column":null}},"type":"if","locations":[{"start":{"line":42,"column":2},"end":{"line":44,"column":null}}]},"3":{"loc":{"start":{"line":46,"column":2},"end":{"line":48,"column":null}},"type":"if","locations":[{"start":{"line":46,"column":2},"end":{"line":48,"column":null}}]},"4":{"loc":{"start":{"line":59,"column":9},"end":{"line":59,"column":23}},"type":"binary-expr","locations":[{"start":{"line":59,"column":9},"end":{"line":59,"column":17}},{"start":{"line":59,"column":21},"end":{"line":59,"column":23}}]}},"s":{"0":3,"1":4,"2":4,"3":4,"4":4,"5":4,"6":3,"7":8,"8":8,"9":2,"10":8,"11":8,"12":8,"13":8,"14":1,"15":8,"16":8,"17":8,"18":8,"19":3},"f":{"0":4,"1":4,"2":4,"3":8,"4":8,"5":8},"b":{"0":[4,0],"1":[2],"2":[8],"3":[1],"4":[8,0]}}
}
