TN:
SF:src/components/Card/Card.tsx
FN:10,(anonymous_0)
FN:12,(anonymous_1)
FNF:2
FNH:2
FNDA:88,(anonymous_0)
FNDA:4,(anonymous_1)
DA:2,3
DA:4,3
DA:10,3
DA:11,88
DA:12,88
DA:13,4
DA:15,88
DA:17,88
DA:35,3
LF:9
LH:9
BRDA:19,0,0,88
BRDA:19,0,1,11
BRF:2
BRH:2
end_of_record
TN:
SF:src/components/Content/Content.tsx
FN:16,(anonymous_1)
FN:41,(anonymous_2)
FNF:2
FNH:2
FNDA:28,(anonymous_1)
FNDA:87,(anonymous_2)
DA:2,2
DA:3,2
DA:5,2
DA:6,2
DA:7,2
DA:16,2
DA:21,28
DA:22,9
DA:31,19
DA:32,1
DA:35,18
DA:42,87
DA:52,2
LF:13
LH:13
BRDA:21,0,0,9
BRDA:21,1,0,28
BRDA:21,1,1,19
BRDA:31,2,0,1
BRDA:45,3,0,18
BRDA:45,3,1,11
BRF:6
BRH:6
end_of_record
TN:
SF:src/components/DetailedView/DetailedView.tsx
FN:8,(anonymous_1)
FN:12,(anonymous_2)
FN:62,(anonymous_3)
FNF:3
FNH:3
FNDA:11,(anonymous_1)
FNDA:1,(anonymous_2)
FNDA:6,(anonymous_3)
DA:2,2
DA:3,2
DA:5,2
DA:6,2
DA:8,2
DA:9,11
DA:10,11
DA:12,11
DA:13,1
DA:16,11
DA:17,8
DA:25,3
DA:63,6
DA:87,2
LF:14
LH:14
BRDA:16,0,0,8
BRDA:37,1,0,3
BRDA:37,1,1,3
BRDA:37,1,2,3
BRDA:48,2,0,3
BRDA:48,2,1,3
BRDA:48,2,2,3
BRDA:60,3,0,3
BRDA:60,3,1,3
BRDA:69,4,0,6
BRDA:69,4,1,6
BRDA:69,4,2,3
BRF:12
BRH:12
end_of_record
TN:
SF:src/components/ErrorBoundary/ErrorBoundary.tsx
FN:14,(anonymous_1)
FN:19,(anonymous_2)
FN:23,(anonymous_3)
FN:27,(anonymous_4)
FNF:4
FNH:2
FNDA:4,(anonymous_1)
FNDA:0,(anonymous_2)
FNDA:0,(anonymous_3)
FNDA:25,(anonymous_4)
DA:1,1
DA:15,4
DA:16,4
DA:20,0
DA:24,0
DA:28,25
DA:29,0
DA:32,25
DA:36,1
LF:9
LH:6
BRDA:28,0,0,0
BRF:1
BRH:0
end_of_record
TN:
SF:src/components/Loader/Loader.tsx
FN:4,(anonymous_0)
FNF:1
FNH:1
FNDA:17,(anonymous_0)
DA:2,2
DA:4,2
DA:5,17
DA:8,2
LF:4
LH:4
BRF:0
BRH:0
end_of_record
TN:
SF:src/components/Logo/Logo.tsx
FN:4,(anonymous_0)
FNF:1
FNH:1
FNDA:25,(anonymous_0)
DA:2,1
DA:4,1
DA:5,25
DA:21,1
LF:4
LH:4
BRF:0
BRH:0
end_of_record
TN:
SF:src/components/Nav/Nav.tsx
FN:7,(anonymous_1)
FNF:1
FNH:1
FNDA:25,(anonymous_1)
DA:1,1
DA:2,1
DA:3,1
DA:4,1
DA:7,1
DA:8,25
DA:21,1
LF:7
LH:7
BRF:0
BRH:0
end_of_record
TN:
SF:src/components/Page/Page.tsx
FN:15,(anonymous_1)
FN:20,(anonymous_2)
FN:24,(anonymous_3)
FN:40,(anonymous_4)
FNF:4
FNH:4
FNDA:25,(anonymous_1)
FNDA:4,(anonymous_2)
FNDA:9,(anonymous_3)
FNDA:9,(anonymous_4)
DA:1,1
DA:2,1
DA:3,1
DA:4,1
DA:5,1
DA:6,1
DA:7,1
DA:8,1
DA:9,1
DA:15,1
DA:16,25
DA:17,25
DA:18,25
DA:20,25
DA:21,4
DA:24,25
DA:25,9
DA:26,9
DA:27,0
DA:29,9
DA:30,9
DA:32,9
DA:33,4
DA:35,9
DA:38,25
DA:40,25
DA:41,9
DA:42,4
DA:46,25
DA:66,1
LF:30
LH:29
BRDA:26,0,0,0
BRDA:29,1,0,9
BRDA:32,2,0,4
BRDA:41,3,0,4
BRF:4
BRH:3
end_of_record
TN:
SF:src/components/Pagination/Pagination.tsx
FN:10,(anonymous_0)
FN:12,(anonymous_1)
FN:13,(anonymous_2)
FN:19,(anonymous_3)
FN:20,(anonymous_4)
FN:27,(anonymous_5)
FNF:6
FNH:1
FNDA:18,(anonymous_0)
FNDA:0,(anonymous_1)
FNDA:0,(anonymous_2)
FNDA:0,(anonymous_3)
FNDA:0,(anonymous_4)
FNDA:0,(anonymous_5)
DA:1,2
DA:2,2
DA:4,2
DA:10,2
DA:11,18
DA:12,18
DA:13,0
DA:14,0
DA:15,0
DA:19,18
DA:20,0
DA:21,0
DA:22,0
DA:24,0
DA:27,18
DA:28,0
DA:29,0
DA:32,18
DA:33,18
DA:54,2
LF:20
LH:11
BRDA:14,0,0,0
BRDA:14,1,0,0
BRDA:14,1,1,0
BRDA:21,2,0,0
BRDA:32,3,0,18
BRF:5
BRH:1
end_of_record
TN:
SF:src/components/Search/Search.tsx
FN:5,(anonymous_0)
FN:10,(anonymous_1)
FN:14,(anonymous_2)
FNF:3
FNH:1
FNDA:25,(anonymous_0)
FNDA:0,(anonymous_1)
FNDA:0,(anonymous_2)
DA:1,1
DA:2,1
DA:3,1
DA:5,1
DA:6,25
DA:7,25
DA:8,25
DA:10,25
DA:11,0
DA:14,25
DA:15,0
DA:16,0
DA:19,25
DA:35,1
LF:14
LH:11
BRDA:7,0,0,25
BRDA:7,0,1,25
BRF:2
BRH:2
end_of_record
TN:
SF:src/components/ThrowError/ThrowError.tsx
FN:6,(anonymous_0)
FN:10,(anonymous_1)
FNF:2
FNH:1
FNDA:25,(anonymous_0)
FNDA:0,(anonymous_1)
DA:1,1
DA:2,1
DA:6,1
DA:8,25
DA:10,25
DA:14,25
DA:16,25
DA:17,0
DA:19,25
DA:28,1
LF:10
LH:9
BRDA:16,0,0,0
BRF:1
BRH:0
end_of_record
TN:
SF:src/contexts/EpisodeResponseContext.tsx
FN:12,(anonymous_0)
FN:20,(anonymous_1)
FNF:2
FNH:2
FNDA:16,(anonymous_0)
FNDA:4,(anonymous_1)
DA:1,2
DA:2,2
DA:3,2
DA:7,2
DA:12,2
DA:15,16
DA:16,16
DA:20,16
DA:21,4
DA:22,4
DA:23,4
DA:24,4
DA:28,16
DA:29,16
LF:14
LH:14
BRDA:22,0,0,4
BRF:1
BRH:1
end_of_record
TN:
SF:src/contexts/EpisodesResponseContext.tsx
FN:13,(anonymous_0)
FN:20,(anonymous_1)
FNF:2
FNH:2
FNDA:13,(anonymous_0)
FNDA:4,(anonymous_1)
DA:1,1
DA:2,1
DA:5,1
DA:8,1
DA:13,1
DA:16,13
DA:17,13
DA:18,13
DA:20,13
DA:21,4
DA:22,4
DA:23,4
DA:24,4
DA:25,4
DA:27,13
DA:28,13
LF:16
LH:16
BRF:0
BRH:0
end_of_record
TN:
SF:src/contexts/PageStateContext.tsx
FN:10,(anonymous_0)
FNF:1
FNH:1
FNDA:9,(anonymous_0)
DA:1,3
DA:4,3
DA:8,3
DA:10,3
DA:13,9
DA:14,9
DA:15,9
DA:16,9
DA:19,9
DA:21,9
DA:31,9
LF:11
LH:11
BRDA:13,0,0,9
BRDA:13,0,1,9
BRF:2
BRH:2
end_of_record
TN:
SF:src/fixtures/Card.ts
FNF:0
FNH:0
DA:1,1
LF:1
LH:1
BRF:0
BRH:0
end_of_record
TN:
SF:src/fixtures/Cards.ts
FNF:0
FNH:0
DA:1,1
LF:1
LH:1
BRF:0
BRH:0
end_of_record
TN:
SF:src/fixtures/EpisodeResponse.ts
FNF:0
FNH:0
DA:1,1
LF:1
LH:1
BRF:0
BRH:0
end_of_record
TN:
SF:src/fixtures/EpisodesResponse.ts
FNF:0
FNH:0
DA:1,1
LF:1
LH:1
BRF:0
BRH:0
end_of_record
TN:
SF:src/fixtures/Page.ts
FNF:0
FNH:0
DA:1,1
LF:1
LH:1
BRF:0
BRH:0
end_of_record
TN:
SF:src/handlers/episode.handler.ts
FN:9,(anonymous_0)
FNF:1
FNH:1
FNDA:4,(anonymous_0)
DA:5,1
DA:6,1
DA:7,1
DA:9,1
DA:10,4
DA:11,4
LF:6
LH:6
BRF:0
BRH:0
end_of_record
TN:
SF:src/handlers/episodes.handler.ts
FN:9,(anonymous_0)
FNF:1
FNH:1
FNDA:4,(anonymous_0)
DA:5,1
DA:6,1
DA:7,1
DA:9,1
DA:10,4
LF:5
LH:5
BRF:0
BRH:0
end_of_record
TN:
SF:src/hooks/useEpisodeResponseContext.tsx
FN:5,useEpisodeResponseContext
FNF:1
FNH:1
FNDA:36,useEpisodeResponseContext
DA:1,2
DA:3,2
DA:5,2
DA:6,36
DA:7,36
LF:5
LH:5
BRF:0
BRH:0
end_of_record
TN:
SF:src/hooks/useEpisodesResponseContext.tsx
FN:5,useEpisodesResponseContext
FNF:1
FNH:1
FNDA:25,useEpisodesResponseContext
DA:1,1
DA:2,1
DA:5,1
DA:6,25
DA:7,25
LF:5
LH:5
BRF:0
BRH:0
end_of_record
TN:
SF:src/hooks/usePageStateContext.tsx
FN:5,usePageStateContext
FNF:1
FNH:1
FNDA:196,usePageStateContext
DA:1,3
DA:3,3
DA:5,3
DA:6,196
DA:7,196
LF:5
LH:5
BRF:0
BRH:0
end_of_record
TN:
SF:src/services/stapi.ts
FN:16,getEpisode
FN:27,(anonymous_1)
FN:28,(anonymous_2)
FN:33,getEpisodes
FN:56,(anonymous_4)
FN:57,(anonymous_5)
FNF:6
FNH:6
FNDA:4,getEpisode
FNDA:4,(anonymous_1)
FNDA:4,(anonymous_2)
FNDA:4,getEpisodes
FNDA:4,(anonymous_4)
FNDA:4,(anonymous_5)
DA:4,2
DA:16,2
DA:19,4
DA:21,4
DA:27,4
DA:28,4
DA:30,4
DA:33,2
DA:38,4
DA:39,4
DA:40,0
DA:42,4
DA:43,4
DA:45,4
DA:46,4
DA:47,0
DA:49,4
DA:56,4
DA:57,4
DA:59,4
LF:20
LH:18
BRDA:30,0,0,4
BRDA:30,0,1,0
BRDA:39,1,0,0
BRDA:42,2,0,4
BRDA:46,3,0,0
BRDA:59,4,0,4
BRDA:59,4,1,0
BRF:7
BRH:3
end_of_record
